000 (18705.000.000) 09/30 10:01:15 Job submitted from host: <171.67.84.219:43511>
...
001 (18705.000.000) 09/30 10:01:36 Job executing on host: <171.67.84.209:46187>
...
006 (18705.000.000) 09/30 10:01:45 Image size of job updated: 2727516
	132  -  MemoryUsage of job (MB)
	134648  -  ResidentSetSize of job (KB)
...
006 (18705.000.000) 09/30 10:06:47 Image size of job updated: 2727516
	134  -  MemoryUsage of job (MB)
	137016  -  ResidentSetSize of job (KB)
...
006 (18705.000.000) 09/30 10:11:47 Image size of job updated: 2790548
	134  -  MemoryUsage of job (MB)
	137016  -  ResidentSetSize of job (KB)
...
006 (18705.000.000) 09/30 10:21:48 Image size of job updated: 2791572
	134  -  MemoryUsage of job (MB)
	137016  -  ResidentSetSize of job (KB)
...
005 (18705.000.000) 09/30 14:53:46 Job terminated.
	(1) Normal termination (return value 0)
		Usr 0 05:20:02, Sys 0 00:07:21  -  Run Remote Usage
		Usr 0 00:00:00, Sys 0 00:00:00  -  Run Local Usage
		Usr 0 05:20:02, Sys 0 00:07:21  -  Total Remote Usage
		Usr 0 00:00:00, Sys 0 00:00:00  -  Total Local Usage
	0  -  Run Bytes Sent By Job
	0  -  Run Bytes Received By Job
	0  -  Total Bytes Sent By Job
	0  -  Total Bytes Received By Job
	Partitionable Resources :    Usage  Request          
	   Cpus                 :                 1          
	   Disk (KB)            :       75       75          
	   Memory (MB)          :      134      134          
...
