000 (24024.000.000) 12/20 11:07:57 Job submitted from host: <171.67.84.219:43511>
...
001 (24024.000.000) 12/20 11:08:16 Job executing on host: <171.67.84.213:38058>
...
006 (24024.000.000) 12/20 11:08:24 Image size of job updated: 101908
	3  -  MemoryUsage of job (MB)
	2264  -  ResidentSetSize of job (KB)
...
006 (24024.000.000) 12/20 11:13:24 Image size of job updated: 2743048
	156  -  MemoryUsage of job (MB)
	159588  -  ResidentSetSize of job (KB)
...
006 (24024.000.000) 12/20 11:18:25 Image size of job updated: 2743048
	162  -  MemoryUsage of job (MB)
	165256  -  ResidentSetSize of job (KB)
...
006 (24024.000.000) 12/20 11:23:25 Image size of job updated: 2807104
	162  -  MemoryUsage of job (MB)
	165256  -  ResidentSetSize of job (KB)
...
005 (24024.000.000) 12/20 16:18:15 Job terminated.
	(1) Normal termination (return value 0)
		Usr 0 04:55:58, Sys 0 00:07:18  -  Run Remote Usage
		Usr 0 00:00:00, Sys 0 00:00:00  -  Run Local Usage
		Usr 0 04:55:58, Sys 0 00:07:18  -  Total Remote Usage
		Usr 0 00:00:00, Sys 0 00:00:00  -  Total Local Usage
	0  -  Run Bytes Sent By Job
	0  -  Run Bytes Received By Job
	0  -  Total Bytes Sent By Job
	0  -  Total Bytes Received By Job
	Partitionable Resources :    Usage  Request          
	   Cpus                 :                 1          
	   Disk (KB)            :       75       75          
	   Memory (MB)          :      162      162          
...
