000 (18713.000.000) 09/30 10:01:17 Job submitted from host: <171.67.84.219:43511>
...
001 (18713.000.000) 09/30 10:01:37 Job executing on host: <171.67.84.216:44624>
...
006 (18713.000.000) 09/30 10:01:45 Image size of job updated: 101904
	3  -  MemoryUsage of job (MB)
	2228  -  ResidentSetSize of job (KB)
...
006 (18713.000.000) 09/30 10:06:46 Image size of job updated: 2743048
	160  -  MemoryUsage of job (MB)
	163200  -  ResidentSetSize of job (KB)
...
006 (18713.000.000) 09/30 10:11:47 Image size of job updated: 2743048
	163  -  MemoryUsage of job (MB)
	166492  -  ResidentSetSize of job (KB)
...
006 (18713.000.000) 09/30 10:16:47 Image size of job updated: 2807104
	163  -  MemoryUsage of job (MB)
	166492  -  ResidentSetSize of job (KB)
...
006 (18713.000.000) 09/30 10:41:50 Image size of job updated: 2807104
	165  -  MemoryUsage of job (MB)
	168388  -  ResidentSetSize of job (KB)
...
005 (18713.000.000) 09/30 12:36:23 Job terminated.
	(1) Normal termination (return value 0)
		Usr 0 04:30:20, Sys 0 00:14:44  -  Run Remote Usage
		Usr 0 00:00:00, Sys 0 00:00:00  -  Run Local Usage
		Usr 0 04:30:20, Sys 0 00:14:44  -  Total Remote Usage
		Usr 0 00:00:00, Sys 0 00:00:00  -  Total Local Usage
	0  -  Run Bytes Sent By Job
	0  -  Run Bytes Received By Job
	0  -  Total Bytes Sent By Job
	0  -  Total Bytes Received By Job
	Partitionable Resources :    Usage  Request          
	   Cpus                 :                 1          
	   Disk (KB)            :       75       75          
	   Memory (MB)          :      165      165          
...
