000 (29284.000.000) 06/01 16:26:47 Job submitted from host: <171.67.84.219:59533>
...
001 (29284.000.000) 06/01 16:26:47 Job executing on host: <171.67.84.214:52413>
...
006 (29284.000.000) 06/01 16:26:55 Image size of job updated: 2586128
	196  -  MemoryUsage of job (MB)
	200612  -  ResidentSetSize of job (KB)
...
006 (29284.000.000) 06/01 16:31:56 Image size of job updated: 4737548
	397  -  MemoryUsage of job (MB)
	406052  -  ResidentSetSize of job (KB)
...
006 (29284.000.000) 06/01 16:36:56 Image size of job updated: 4737548
	397  -  MemoryUsage of job (MB)
	406076  -  ResidentSetSize of job (KB)
...
006 (29284.000.000) 06/01 16:41:57 Image size of job updated: 4737548
	399  -  MemoryUsage of job (MB)
	407832  -  ResidentSetSize of job (KB)
...
006 (29284.000.000) 06/01 16:56:58 Image size of job updated: 4737548
	401  -  MemoryUsage of job (MB)
	410292  -  ResidentSetSize of job (KB)
...
005 (29284.000.000) 06/01 17:01:27 Job terminated.
	(1) Normal termination (return value 0)
		Usr 0 02:21:40, Sys 0 00:05:00  -  Run Remote Usage
		Usr 0 00:00:00, Sys 0 00:00:00  -  Run Local Usage
		Usr 0 02:21:40, Sys 0 00:05:00  -  Total Remote Usage
		Usr 0 00:00:00, Sys 0 00:00:00  -  Total Local Usage
	0  -  Run Bytes Sent By Job
	0  -  Run Bytes Received By Job
	0  -  Total Bytes Sent By Job
	0  -  Total Bytes Received By Job
	Partitionable Resources :    Usage  Request          
	   Cpus                 :                 1          
	   Disk (KB)            :       75       75          
	   Memory (MB)          :      401      401          
...
