000 (24020.000.000) 12/20 11:07:56 Job submitted from host: <171.67.84.219:43511>
...
001 (24020.000.000) 12/20 11:08:15 Job executing on host: <171.67.84.213:38058>
...
006 (24020.000.000) 12/20 11:08:25 Image size of job updated: 283656
	24  -  MemoryUsage of job (MB)
	24448  -  ResidentSetSize of job (KB)
...
006 (24020.000.000) 12/20 11:13:26 Image size of job updated: 2743048
	163  -  MemoryUsage of job (MB)
	166012  -  ResidentSetSize of job (KB)
...
006 (24020.000.000) 12/20 11:18:26 Image size of job updated: 2806080
	166  -  MemoryUsage of job (MB)
	169392  -  ResidentSetSize of job (KB)
...
006 (24020.000.000) 12/20 11:23:26 Image size of job updated: 2807104
	166  -  MemoryUsage of job (MB)
	169392  -  ResidentSetSize of job (KB)
...
005 (24020.000.000) 12/20 16:16:58 Job terminated.
	(1) Normal termination (return value 0)
		Usr 0 04:54:44, Sys 0 00:07:19  -  Run Remote Usage
		Usr 0 00:00:00, Sys 0 00:00:00  -  Run Local Usage
		Usr 0 04:54:44, Sys 0 00:07:19  -  Total Remote Usage
		Usr 0 00:00:00, Sys 0 00:00:00  -  Total Local Usage
	0  -  Run Bytes Sent By Job
	0  -  Run Bytes Received By Job
	0  -  Total Bytes Sent By Job
	0  -  Total Bytes Received By Job
	Partitionable Resources :    Usage  Request          
	   Cpus                 :                 1          
	   Disk (KB)            :       75       75          
	   Memory (MB)          :      166      166          
...
