000 (24018.000.000) 12/20 11:07:56 Job submitted from host: <171.67.84.219:43511>
...
001 (24018.000.000) 12/20 11:07:56 Job executing on host: <171.67.84.213:38058>
...
006 (24018.000.000) 12/20 11:08:04 Image size of job updated: 101904
	3  -  MemoryUsage of job (MB)
	2236  -  ResidentSetSize of job (KB)
...
006 (24018.000.000) 12/20 11:13:04 Image size of job updated: 2741568
	158  -  MemoryUsage of job (MB)
	161384  -  ResidentSetSize of job (KB)
...
006 (24018.000.000) 12/20 11:18:05 Image size of job updated: 2806080
	163  -  MemoryUsage of job (MB)
	166440  -  ResidentSetSize of job (KB)
...
006 (24018.000.000) 12/20 11:23:05 Image size of job updated: 2807104
	163  -  MemoryUsage of job (MB)
	166440  -  ResidentSetSize of job (KB)
...
005 (24018.000.000) 12/20 16:16:55 Job terminated.
	(1) Normal termination (return value 0)
		Usr 0 04:54:54, Sys 0 00:07:26  -  Run Remote Usage
		Usr 0 00:00:00, Sys 0 00:00:00  -  Run Local Usage
		Usr 0 04:54:54, Sys 0 00:07:26  -  Total Remote Usage
		Usr 0 00:00:00, Sys 0 00:00:00  -  Total Local Usage
	0  -  Run Bytes Sent By Job
	0  -  Run Bytes Received By Job
	0  -  Total Bytes Sent By Job
	0  -  Total Bytes Received By Job
	Partitionable Resources :    Usage  Request          
	   Cpus                 :                 1          
	   Disk (KB)            :       75       75          
	   Memory (MB)          :      163      163          
...
