000 (24028.000.000) 12/20 11:07:57 Job submitted from host: <171.67.84.219:43511>
...
001 (24028.000.000) 12/20 11:08:16 Job executing on host: <171.67.84.218:52072>
...
006 (24028.000.000) 12/20 11:08:26 Image size of job updated: 4396
	1  -  MemoryUsage of job (MB)
	716  -  ResidentSetSize of job (KB)
...
006 (24028.000.000) 12/20 11:13:26 Image size of job updated: 2741568
	159  -  MemoryUsage of job (MB)
	162064  -  ResidentSetSize of job (KB)
...
006 (24028.000.000) 12/20 11:23:27 Image size of job updated: 2807104
	159  -  MemoryUsage of job (MB)
	162064  -  ResidentSetSize of job (KB)
...
006 (24028.000.000) 12/20 11:28:28 Image size of job updated: 2807104
	161  -  MemoryUsage of job (MB)
	164012  -  ResidentSetSize of job (KB)
...
005 (24028.000.000) 12/20 14:45:45 Job terminated.
	(1) Normal termination (return value 0)
		Usr 0 04:46:00, Sys 0 00:10:36  -  Run Remote Usage
		Usr 0 00:00:00, Sys 0 00:00:00  -  Run Local Usage
		Usr 0 04:46:00, Sys 0 00:10:36  -  Total Remote Usage
		Usr 0 00:00:00, Sys 0 00:00:00  -  Total Local Usage
	0  -  Run Bytes Sent By Job
	0  -  Run Bytes Received By Job
	0  -  Total Bytes Sent By Job
	0  -  Total Bytes Received By Job
	Partitionable Resources :    Usage  Request          
	   Cpus                 :                 1          
	   Disk (KB)            :       75       75          
	   Memory (MB)          :      161      161          
...
