000 (18708.000.000) 09/30 10:01:16 Job submitted from host: <171.67.84.219:43511>
...
001 (18708.000.000) 09/30 10:01:37 Job executing on host: <171.67.84.209:46187>
...
006 (18708.000.000) 09/30 10:01:46 Image size of job updated: 2725012
	131  -  MemoryUsage of job (MB)
	133868  -  ResidentSetSize of job (KB)
...
006 (18708.000.000) 09/30 10:06:46 Image size of job updated: 2725012
	132  -  MemoryUsage of job (MB)
	134636  -  ResidentSetSize of job (KB)
...
006 (18708.000.000) 09/30 10:11:46 Image size of job updated: 2790548
	133  -  MemoryUsage of job (MB)
	135688  -  ResidentSetSize of job (KB)
...
006 (18708.000.000) 09/30 10:16:47 Image size of job updated: 2790548
	135  -  MemoryUsage of job (MB)
	138132  -  ResidentSetSize of job (KB)
...
006 (18708.000.000) 09/30 10:21:48 Image size of job updated: 2791572
	135  -  MemoryUsage of job (MB)
	138132  -  ResidentSetSize of job (KB)
...
005 (18708.000.000) 09/30 14:55:24 Job terminated.
	(1) Normal termination (return value 0)
		Usr 0 05:22:22, Sys 0 00:07:26  -  Run Remote Usage
		Usr 0 00:00:00, Sys 0 00:00:00  -  Run Local Usage
		Usr 0 05:22:22, Sys 0 00:07:26  -  Total Remote Usage
		Usr 0 00:00:00, Sys 0 00:00:00  -  Total Local Usage
	0  -  Run Bytes Sent By Job
	0  -  Run Bytes Received By Job
	0  -  Total Bytes Sent By Job
	0  -  Total Bytes Received By Job
	Partitionable Resources :    Usage  Request          
	   Cpus                 :                 1          
	   Disk (KB)            :       75       75          
	   Memory (MB)          :      135      135          
...
