000 (15187.000.000) 03/11 13:45:13 Job submitted from host: <171.67.84.219:59062>
...
001 (15187.000.000) 03/11 13:45:15 Job executing on host: <171.67.84.214:46619>
...
006 (15187.000.000) 03/11 13:45:24 Image size of job updated: 75
	3  -  MemoryUsage of job (MB)
	2240  -  ResidentSetSize of job (KB)
...
010 (15187.000.000) 03/11 13:49:40 Job was suspended.
	Number of processes actually suspended: 1
...
006 (15187.000.000) 03/11 13:49:41 Image size of job updated: 2797572
	151  -  MemoryUsage of job (MB)
	154212  -  ResidentSetSize of job (KB)
...
011 (15187.000.000) 03/11 13:50:56 Job was unsuspended.
...
006 (15187.000.000) 03/11 13:55:25 Image size of job updated: 2797572
	151  -  MemoryUsage of job (MB)
	154224  -  ResidentSetSize of job (KB)
...
010 (15187.000.000) 03/11 13:56:46 Job was suspended.
	Number of processes actually suspended: 1
...
006 (15187.000.000) 03/11 13:56:46 Image size of job updated: 2863108
	151  -  MemoryUsage of job (MB)
	154484  -  ResidentSetSize of job (KB)
...
011 (15187.000.000) 03/11 13:58:01 Job was unsuspended.
...
010 (15187.000.000) 03/11 14:02:01 Job was suspended.
	Number of processes actually suspended: 1
...
011 (15187.000.000) 03/11 14:02:17 Job was unsuspended.
...
010 (15187.000.000) 03/11 14:05:42 Job was suspended.
	Number of processes actually suspended: 1
...
011 (15187.000.000) 03/11 14:06:57 Job was unsuspended.
...
010 (15187.000.000) 03/11 14:11:37 Job was suspended.
	Number of processes actually suspended: 1
...
011 (15187.000.000) 03/11 14:12:52 Job was unsuspended.
...
010 (15187.000.000) 03/11 14:19:33 Job was suspended.
	Number of processes actually suspended: 1
...
006 (15187.000.000) 03/11 14:19:33 Image size of job updated: 2863108
	152  -  MemoryUsage of job (MB)
	154720  -  ResidentSetSize of job (KB)
...
011 (15187.000.000) 03/11 14:20:13 Job was unsuspended.
...
010 (15187.000.000) 03/11 14:23:24 Job was suspended.
	Number of processes actually suspended: 1
...
011 (15187.000.000) 03/11 14:24:39 Job was unsuspended.
...
010 (15187.000.000) 03/11 14:30:15 Job was suspended.
	Number of processes actually suspended: 1
...
011 (15187.000.000) 03/11 14:31:20 Job was unsuspended.
...
010 (15187.000.000) 03/11 14:35:06 Job was suspended.
	Number of processes actually suspended: 1
...
006 (15187.000.000) 03/11 14:35:07 Image size of job updated: 2864132
	152  -  MemoryUsage of job (MB)
	154720  -  ResidentSetSize of job (KB)
...
011 (15187.000.000) 03/11 14:36:17 Job was unsuspended.
...
010 (15187.000.000) 03/11 14:40:22 Job was suspended.
	Number of processes actually suspended: 1
...
011 (15187.000.000) 03/11 14:40:38 Job was unsuspended.
...
006 (15187.000.000) 03/11 14:45:32 Image size of job updated: 2864132
	152  -  MemoryUsage of job (MB)
	154988  -  ResidentSetSize of job (KB)
...
010 (15187.000.000) 03/11 14:46:08 Job was suspended.
	Number of processes actually suspended: 1
...
011 (15187.000.000) 03/11 14:47:18 Job was unsuspended.
...
010 (15187.000.000) 03/11 14:55:18 Job was suspended.
	Number of processes actually suspended: 1
...
011 (15187.000.000) 03/11 14:56:37 Job was unsuspended.
...
010 (15187.000.000) 03/11 15:02:28 Job was suspended.
	Number of processes actually suspended: 1
...
011 (15187.000.000) 03/11 15:03:40 Job was unsuspended.
...
010 (15187.000.000) 03/11 15:09:01 Job was suspended.
	Number of processes actually suspended: 1
...
011 (15187.000.000) 03/11 15:10:16 Job was unsuspended.
...
010 (15187.000.000) 03/11 15:15:46 Job was suspended.
	Number of processes actually suspended: 1
...
011 (15187.000.000) 03/11 15:16:56 Job was unsuspended.
...
010 (15187.000.000) 03/11 15:21:11 Job was suspended.
	Number of processes actually suspended: 1
...
011 (15187.000.000) 03/11 15:22:27 Job was unsuspended.
...
006 (15187.000.000) 03/11 15:25:35 Image size of job updated: 2864132
	152  -  MemoryUsage of job (MB)
	154992  -  ResidentSetSize of job (KB)
...
010 (15187.000.000) 03/11 15:28:52 Job was suspended.
	Number of processes actually suspended: 1
...
011 (15187.000.000) 03/11 15:30:07 Job was unsuspended.
...
010 (15187.000.000) 03/11 15:34:57 Job was suspended.
	Number of processes actually suspended: 1
...
011 (15187.000.000) 03/11 15:36:12 Job was unsuspended.
...
010 (15187.000.000) 03/11 15:42:42 Job was suspended.
	Number of processes actually suspended: 1
...
011 (15187.000.000) 03/11 15:43:52 Job was unsuspended.
...
010 (15187.000.000) 03/11 15:47:28 Job was suspended.
	Number of processes actually suspended: 1
...
011 (15187.000.000) 03/11 15:48:37 Job was unsuspended.
...
010 (15187.000.000) 03/11 15:53:03 Job was suspended.
	Number of processes actually suspended: 1
...
011 (15187.000.000) 03/11 15:54:19 Job was unsuspended.
...
010 (15187.000.000) 03/11 16:00:25 Job was suspended.
	Number of processes actually suspended: 1
...
011 (15187.000.000) 03/11 16:01:06 Job was unsuspended.
...
010 (15187.000.000) 03/11 16:05:51 Job was suspended.
	Number of processes actually suspended: 1
...
011 (15187.000.000) 03/11 16:06:31 Job was unsuspended.
...
010 (15187.000.000) 03/11 16:14:52 Job was suspended.
	Number of processes actually suspended: 1
...
011 (15187.000.000) 03/11 16:16:06 Job was unsuspended.
...
010 (15187.000.000) 03/11 16:23:33 Job was suspended.
	Number of processes actually suspended: 1
...
011 (15187.000.000) 03/11 16:24:48 Job was unsuspended.
...
010 (15187.000.000) 03/11 16:31:44 Job was suspended.
	Number of processes actually suspended: 1
...
011 (15187.000.000) 03/11 16:33:00 Job was unsuspended.
...
010 (15187.000.000) 03/11 16:42:32 Job was suspended.
	Number of processes actually suspended: 1
...
011 (15187.000.000) 03/11 16:43:47 Job was unsuspended.
...
010 (15187.000.000) 03/11 16:50:48 Job was suspended.
	Number of processes actually suspended: 1
...
011 (15187.000.000) 03/11 16:52:03 Job was unsuspended.
...
010 (15187.000.000) 03/11 17:00:32 Job was suspended.
	Number of processes actually suspended: 1
...
011 (15187.000.000) 03/11 17:01:48 Job was unsuspended.
...
010 (15187.000.000) 03/11 17:07:33 Job was suspended.
	Number of processes actually suspended: 1
...
011 (15187.000.000) 03/11 17:08:38 Job was unsuspended.
...
010 (15187.000.000) 03/11 17:15:58 Job was suspended.
	Number of processes actually suspended: 1
...
011 (15187.000.000) 03/11 17:17:08 Job was unsuspended.
...
010 (15187.000.000) 03/11 17:21:48 Job was suspended.
	Number of processes actually suspended: 1
...
011 (15187.000.000) 03/11 17:22:53 Job was unsuspended.
...
010 (15187.000.000) 03/11 17:41:30 Job was suspended.
	Number of processes actually suspended: 1
...
011 (15187.000.000) 03/11 17:42:44 Job was unsuspended.
...
010 (15187.000.000) 03/11 17:47:20 Job was suspended.
	Number of processes actually suspended: 1
...
011 (15187.000.000) 03/11 17:48:26 Job was unsuspended.
...
010 (15187.000.000) 03/11 17:52:16 Job was suspended.
	Number of processes actually suspended: 1
...
011 (15187.000.000) 03/11 17:53:26 Job was unsuspended.
...
010 (15187.000.000) 03/11 17:58:56 Job was suspended.
	Number of processes actually suspended: 1
...
011 (15187.000.000) 03/11 17:59:36 Job was unsuspended.
...
010 (15187.000.000) 03/11 18:03:16 Job was suspended.
	Number of processes actually suspended: 1
...
011 (15187.000.000) 03/11 18:04:31 Job was unsuspended.
...
006 (15187.000.000) 03/11 18:10:51 Image size of job updated: 2864132
	152  -  MemoryUsage of job (MB)
	155256  -  ResidentSetSize of job (KB)
...
010 (15187.000.000) 03/11 18:13:27 Job was suspended.
	Number of processes actually suspended: 1
...
011 (15187.000.000) 03/11 18:14:42 Job was unsuspended.
...
010 (15187.000.000) 03/11 18:18:38 Job was suspended.
	Number of processes actually suspended: 1
...
011 (15187.000.000) 03/11 18:19:48 Job was unsuspended.
...
010 (15187.000.000) 03/11 18:28:33 Job was suspended.
	Number of processes actually suspended: 1
...
011 (15187.000.000) 03/11 18:29:43 Job was unsuspended.
...
010 (15187.000.000) 03/11 18:33:18 Job was suspended.
	Number of processes actually suspended: 1
...
011 (15187.000.000) 03/11 18:34:28 Job was unsuspended.
...
010 (15187.000.000) 03/11 18:43:08 Job was suspended.
	Number of processes actually suspended: 1
...
011 (15187.000.000) 03/11 18:44:23 Job was unsuspended.
...
010 (15187.000.000) 03/11 18:48:39 Job was suspended.
	Number of processes actually suspended: 1
...
011 (15187.000.000) 03/11 18:49:54 Job was unsuspended.
...
010 (15187.000.000) 03/11 18:54:04 Job was suspended.
	Number of processes actually suspended: 1
...
011 (15187.000.000) 03/11 18:55:20 Job was unsuspended.
...
010 (15187.000.000) 03/11 19:00:25 Job was suspended.
	Number of processes actually suspended: 1
...
011 (15187.000.000) 03/11 19:01:44 Job was unsuspended.
...
010 (15187.000.000) 03/11 19:07:20 Job was suspended.
	Number of processes actually suspended: 1
...
011 (15187.000.000) 03/11 19:08:35 Job was unsuspended.
...
010 (15187.000.000) 03/11 19:17:46 Job was suspended.
	Number of processes actually suspended: 1
...
011 (15187.000.000) 03/11 19:19:01 Job was unsuspended.
...
004 (15187.000.000) 03/11 19:20:44 Job was evicted.
	(0) Job was not checkpointed.
		Usr 0 04:46:06, Sys 0 07:56:29  -  Run Remote Usage
		Usr 0 00:00:00, Sys 0 00:00:00  -  Run Local Usage
	0  -  Run Bytes Sent By Job
	0  -  Run Bytes Received By Job
	Partitionable Resources :    Usage  Request          
	   Cpus                 :                 1          
	   Disk (KB)            :       75       75          
	   Memory (MB)          :      152      152          
...
009 (15187.000.000) 03/11 19:20:45 Job was aborted by the user.
	via condor_rm (by user shifan)
...
000 (15234.000.000) 03/11 19:46:52 Job submitted from host: <171.67.84.219:59062>
...
001 (15234.000.000) 03/11 19:47:03 Job executing on host: <171.67.84.214:46619>
...
006 (15234.000.000) 03/11 19:47:11 Image size of job updated: 75
	3  -  MemoryUsage of job (MB)
	2236  -  ResidentSetSize of job (KB)
...
006 (15234.000.000) 03/11 19:52:11 Image size of job updated: 2797572
	151  -  MemoryUsage of job (MB)
	153840  -  ResidentSetSize of job (KB)
...
010 (15234.000.000) 03/11 19:55:28 Job was suspended.
	Number of processes actually suspended: 1
...
006 (15234.000.000) 03/11 19:55:29 Image size of job updated: 2797572
	151  -  MemoryUsage of job (MB)
	154364  -  ResidentSetSize of job (KB)
...
011 (15234.000.000) 03/11 19:56:39 Job was unsuspended.
...
006 (15234.000.000) 03/11 19:57:12 Image size of job updated: 2863108
	151  -  MemoryUsage of job (MB)
	154364  -  ResidentSetSize of job (KB)
...
010 (15234.000.000) 03/11 20:01:45 Job was suspended.
	Number of processes actually suspended: 1
...
011 (15234.000.000) 03/11 20:03:00 Job was unsuspended.
...
010 (15234.000.000) 03/11 20:11:11 Job was suspended.
	Number of processes actually suspended: 1
...
006 (15234.000.000) 03/11 20:11:11 Image size of job updated: 2863108
	151  -  MemoryUsage of job (MB)
	154384  -  ResidentSetSize of job (KB)
...
011 (15234.000.000) 03/11 20:12:26 Job was unsuspended.
...
004 (15234.000.000) 03/11 20:12:27 Job was evicted.
	(0) Job was not checkpointed.
		Usr 0 00:22:37, Sys 0 00:38:03  -  Run Remote Usage
		Usr 0 00:00:00, Sys 0 00:00:00  -  Run Local Usage
	0  -  Run Bytes Sent By Job
	0  -  Run Bytes Received By Job
	Partitionable Resources :    Usage  Request          
	   Cpus                 :                 1          
	   Disk (KB)            :       75       75          
	   Memory (MB)          :      151      151          
...
009 (15234.000.000) 03/11 20:12:27 Job was aborted by the user.
	via condor_rm (by user shifan)
...
