000 (18711.000.000) 09/30 10:01:17 Job submitted from host: <171.67.84.219:43511>
...
001 (18711.000.000) 09/30 10:01:37 Job executing on host: <171.67.84.216:44624>
...
006 (18711.000.000) 09/30 10:01:45 Image size of job updated: 101904
	3  -  MemoryUsage of job (MB)
	2232  -  ResidentSetSize of job (KB)
...
006 (18711.000.000) 09/30 10:06:46 Image size of job updated: 2743048
	159  -  MemoryUsage of job (MB)
	161820  -  ResidentSetSize of job (KB)
...
006 (18711.000.000) 09/30 10:11:47 Image size of job updated: 2743048
	159  -  MemoryUsage of job (MB)
	162136  -  ResidentSetSize of job (KB)
...
006 (18711.000.000) 09/30 10:16:47 Image size of job updated: 2807104
	159  -  MemoryUsage of job (MB)
	162664  -  ResidentSetSize of job (KB)
...
006 (18711.000.000) 09/30 10:21:48 Image size of job updated: 2807104
	163  -  MemoryUsage of job (MB)
	166880  -  ResidentSetSize of job (KB)
...
005 (18711.000.000) 09/30 12:36:40 Job terminated.
	(1) Normal termination (return value 0)
		Usr 0 04:30:38, Sys 0 00:14:50  -  Run Remote Usage
		Usr 0 00:00:00, Sys 0 00:00:00  -  Run Local Usage
		Usr 0 04:30:38, Sys 0 00:14:50  -  Total Remote Usage
		Usr 0 00:00:00, Sys 0 00:00:00  -  Total Local Usage
	0  -  Run Bytes Sent By Job
	0  -  Run Bytes Received By Job
	0  -  Total Bytes Sent By Job
	0  -  Total Bytes Received By Job
	Partitionable Resources :    Usage  Request          
	   Cpus                 :                 1          
	   Disk (KB)            :       75       75          
	   Memory (MB)          :      163      163          
...
