000 (18704.000.000) 09/30 10:01:15 Job submitted from host: <171.67.84.219:43511>
...
001 (18704.000.000) 09/30 10:01:16 Job executing on host: <171.67.84.209:46187>
...
006 (18704.000.000) 09/30 10:01:24 Image size of job updated: 75
	3  -  MemoryUsage of job (MB)
	2240  -  ResidentSetSize of job (KB)
...
006 (18704.000.000) 09/30 10:06:24 Image size of job updated: 2727516
	134  -  MemoryUsage of job (MB)
	136716  -  ResidentSetSize of job (KB)
...
006 (18704.000.000) 09/30 10:11:25 Image size of job updated: 2727516
	135  -  MemoryUsage of job (MB)
	137832  -  ResidentSetSize of job (KB)
...
006 (18704.000.000) 09/30 10:16:25 Image size of job updated: 2790548
	135  -  MemoryUsage of job (MB)
	137832  -  ResidentSetSize of job (KB)
...
006 (18704.000.000) 09/30 10:21:25 Image size of job updated: 2791572
	135  -  MemoryUsage of job (MB)
	137832  -  ResidentSetSize of job (KB)
...
005 (18704.000.000) 09/30 14:52:58 Job terminated.
	(1) Normal termination (return value 0)
		Usr 0 05:19:36, Sys 0 00:07:28  -  Run Remote Usage
		Usr 0 00:00:00, Sys 0 00:00:00  -  Run Local Usage
		Usr 0 05:19:36, Sys 0 00:07:28  -  Total Remote Usage
		Usr 0 00:00:00, Sys 0 00:00:00  -  Total Local Usage
	0  -  Run Bytes Sent By Job
	0  -  Run Bytes Received By Job
	0  -  Total Bytes Sent By Job
	0  -  Total Bytes Received By Job
	Partitionable Resources :    Usage  Request          
	   Cpus                 :                 1          
	   Disk (KB)            :       75       75          
	   Memory (MB)          :      135      135          
...
