000 (24023.000.000) 12/20 11:07:56 Job submitted from host: <171.67.84.219:43511>
...
001 (24023.000.000) 12/20 11:08:16 Job executing on host: <171.67.84.213:38058>
...
006 (24023.000.000) 12/20 11:08:24 Image size of job updated: 75
	3  -  MemoryUsage of job (MB)
	2240  -  ResidentSetSize of job (KB)
...
006 (24023.000.000) 12/20 11:13:24 Image size of job updated: 2743048
	158  -  MemoryUsage of job (MB)
	161284  -  ResidentSetSize of job (KB)
...
006 (24023.000.000) 12/20 11:18:25 Image size of job updated: 2743048
	163  -  MemoryUsage of job (MB)
	166564  -  ResidentSetSize of job (KB)
...
006 (24023.000.000) 12/20 11:23:25 Image size of job updated: 2807104
	163  -  MemoryUsage of job (MB)
	166564  -  ResidentSetSize of job (KB)
...
005 (24023.000.000) 12/20 16:18:33 Job terminated.
	(1) Normal termination (return value 0)
		Usr 0 04:57:04, Sys 0 00:07:20  -  Run Remote Usage
		Usr 0 00:00:00, Sys 0 00:00:00  -  Run Local Usage
		Usr 0 04:57:04, Sys 0 00:07:20  -  Total Remote Usage
		Usr 0 00:00:00, Sys 0 00:00:00  -  Total Local Usage
	0  -  Run Bytes Sent By Job
	0  -  Run Bytes Received By Job
	0  -  Total Bytes Sent By Job
	0  -  Total Bytes Received By Job
	Partitionable Resources :    Usage  Request          
	   Cpus                 :                 1          
	   Disk (KB)            :       75       75          
	   Memory (MB)          :      163      163          
...
