000 (24029.000.000) 12/20 11:07:57 Job submitted from host: <171.67.84.219:43511>
...
001 (24029.000.000) 12/20 11:08:16 Job executing on host: <171.67.84.218:52072>
...
006 (24029.000.000) 12/20 11:08:26 Image size of job updated: 75
	3  -  MemoryUsage of job (MB)
	2236  -  ResidentSetSize of job (KB)
...
006 (24029.000.000) 12/20 11:13:26 Image size of job updated: 2741568
	159  -  MemoryUsage of job (MB)
	162740  -  ResidentSetSize of job (KB)
...
006 (24029.000.000) 12/20 11:18:26 Image size of job updated: 2741568
	161  -  MemoryUsage of job (MB)
	164124  -  ResidentSetSize of job (KB)
...
006 (24029.000.000) 12/20 11:23:27 Image size of job updated: 2807104
	162  -  MemoryUsage of job (MB)
	164888  -  ResidentSetSize of job (KB)
...
005 (24029.000.000) 12/20 14:46:12 Job terminated.
	(1) Normal termination (return value 0)
		Usr 0 04:46:53, Sys 0 00:10:36  -  Run Remote Usage
		Usr 0 00:00:00, Sys 0 00:00:00  -  Run Local Usage
		Usr 0 04:46:53, Sys 0 00:10:36  -  Total Remote Usage
		Usr 0 00:00:00, Sys 0 00:00:00  -  Total Local Usage
	0  -  Run Bytes Sent By Job
	0  -  Run Bytes Received By Job
	0  -  Total Bytes Sent By Job
	0  -  Total Bytes Received By Job
	Partitionable Resources :    Usage  Request          
	   Cpus                 :                 1          
	   Disk (KB)            :       75       75          
	   Memory (MB)          :      162      162          
...
