000 (24079.000.000) 01/06 10:31:53 Job submitted from host: <171.67.84.219:43511>
...
001 (24079.000.000) 01/06 10:31:54 Job executing on host: <171.67.84.211:53860>
...
006 (24079.000.000) 01/06 10:32:02 Image size of job updated: 2184436
	99  -  MemoryUsage of job (MB)
	101132  -  ResidentSetSize of job (KB)
...
006 (24079.000.000) 01/06 10:37:02 Image size of job updated: 2658576
	109  -  MemoryUsage of job (MB)
	111248  -  ResidentSetSize of job (KB)
...
005 (24079.000.000) 01/06 10:41:29 Job terminated.
	(1) Normal termination (return value 0)
		Usr 0 00:20:47, Sys 0 00:01:17  -  Run Remote Usage
		Usr 0 00:00:00, Sys 0 00:00:00  -  Run Local Usage
		Usr 0 00:20:47, Sys 0 00:01:17  -  Total Remote Usage
		Usr 0 00:00:00, Sys 0 00:00:00  -  Total Local Usage
	0  -  Run Bytes Sent By Job
	0  -  Run Bytes Received By Job
	0  -  Total Bytes Sent By Job
	0  -  Total Bytes Received By Job
	Partitionable Resources :    Usage  Request          
	   Cpus                 :                 1          
	   Disk (KB)            :       75       75          
	   Memory (MB)          :      109      109          
...
