
                            < M A T L A B (R) >
                  Copyright 1984-2010 The MathWorks, Inc.
                Version 7.12.0.635 (R2011a) 64-bit (glnxa64)
                               March 18, 2011

    ----------------------------------------------------------
        Your MATLAB license will expire in 55 days.
        Please contact your system administrator or
        MathWorks to renew this license.
    ----------------------------------------------------------
 
  To get started, type one of these: helpwin, helpdesk, or demo.
  For product information, visit www.mathworks.com.
 
>> >> 
CHIV =

    0.0010
    0.1295
    0.2581
    0.3866
    0.5152
    0.6437
    0.7723
    0.9008
    1.0294
    1.1579
    1.2865
    1.4150
    1.5436
    1.6721
    1.8007
    1.9292
    2.0578
    2.1863
    2.3149
    2.4434
    2.5720
    2.7005
    2.8291
    2.9576
    3.0861
    3.2147
    3.3432
    3.4718
    3.6003
    3.7289
    3.8574
    3.9860
    4.1145
    4.2431
    4.3716
    4.5002
    4.6287
    4.7573
    4.8858
    5.0144
    5.1429
    5.2715
    5.4000
    5.5286
    5.6571
    5.7857

  Name      Size            Bytes  Class     Attributes

  ind       1x42              336  double              

chi=0.001 // snap#1
chi=0.001 // snap#2
chi=0.001 // snap#3
chi=0.001 // snap#4
chi=0.001 // snap#5
chi=0.001 // snap#6
chi=0.001 // snap#7
chi=0.001 // snap#8
  Name       Size            Bytes  Class     Attributes

  Sa         1x41              328  double              
  k         41x1               328  double              

chi=0.12955 // snap#1
chi=0.12955 // snap#2
chi=0.12955 // snap#3
chi=0.12955 // snap#4
chi=0.12955 // snap#5
chi=0.12955 // snap#6
chi=0.12955 // snap#7
chi=0.12955 // snap#8
  Name       Size            Bytes  Class     Attributes

  Sa         1x41              328  double              
  k         41x1               328  double              

chi=0.2581 // snap#1
chi=0.2581 // snap#2
chi=0.2581 // snap#3
chi=0.2581 // snap#4
chi=0.2581 // snap#5
chi=0.2581 // snap#6
chi=0.2581 // snap#7
chi=0.2581 // snap#8
  Name       Size            Bytes  Class     Attributes

  Sa         1x41              328  double              
  k         41x1               328  double              

chi=0.38664 // snap#1
chi=0.38664 // snap#2
chi=0.38664 // snap#3
chi=0.38664 // snap#4
chi=0.38664 // snap#5
chi=0.38664 // snap#6
chi=0.38664 // snap#7
chi=0.38664 // snap#8
  Name       Size            Bytes  Class     Attributes

  Sa         1x41              328  double              
  k         41x1               328  double              

chi=0.51519 // snap#1
chi=0.51519 // snap#2
chi=0.51519 // snap#3
chi=0.51519 // snap#4
chi=0.51519 // snap#5
chi=0.51519 // snap#6
chi=0.51519 // snap#7
chi=0.51519 // snap#8
  Name       Size            Bytes  Class     Attributes

  Sa         1x41              328  double              
  k         41x1               328  double              

chi=0.64374 // snap#1
chi=0.64374 // snap#2
chi=0.64374 // snap#3
chi=0.64374 // snap#4
chi=0.64374 // snap#5
chi=0.64374 // snap#6
chi=0.64374 // snap#7
chi=0.64374 // snap#8
  Name       Size            Bytes  Class     Attributes

  Sa         1x41              328  double              
  k         41x1               328  double              

chi=0.77229 // snap#1
chi=0.77229 // snap#2
chi=0.77229 // snap#3
chi=0.77229 // snap#4
chi=0.77229 // snap#5
chi=0.77229 // snap#6
chi=0.77229 // snap#7
chi=0.77229 // snap#8
  Name       Size            Bytes  Class     Attributes

  Sa         1x41              328  double              
  k         41x1               328  double              

chi=0.90083 // snap#1
chi=0.90083 // snap#2
chi=0.90083 // snap#3
chi=0.90083 // snap#4
chi=0.90083 // snap#5
chi=0.90083 // snap#6
chi=0.90083 // snap#7
chi=0.90083 // snap#8
  Name       Size            Bytes  Class     Attributes

  Sa         1x41              328  double              
  k         41x1               328  double              

chi=1.0294 // snap#1
chi=1.0294 // snap#2
chi=1.0294 // snap#3
chi=1.0294 // snap#4
chi=1.0294 // snap#5
chi=1.0294 // snap#6
chi=1.0294 // snap#7
chi=1.0294 // snap#8
  Name       Size            Bytes  Class     Attributes

  Sa         1x41              328  double              
  k         41x1               328  double              

chi=1.1579 // snap#1
chi=1.1579 // snap#2
chi=1.1579 // snap#3
chi=1.1579 // snap#4
chi=1.1579 // snap#5
chi=1.1579 // snap#6
chi=1.1579 // snap#7
chi=1.1579 // snap#8
  Name       Size            Bytes  Class     Attributes

  Sa         1x41              328  double              
  k         41x1               328  double              

chi=1.2865 // snap#1
chi=1.2865 // snap#2
chi=1.2865 // snap#3
chi=1.2865 // snap#4
chi=1.2865 // snap#5
chi=1.2865 // snap#6
chi=1.2865 // snap#7
chi=1.2865 // snap#8
  Name       Size            Bytes  Class     Attributes

  Sa         1x41              328  double              
  k         41x1               328  double              

chi=1.415 // snap#1
chi=1.415 // snap#2
chi=1.415 // snap#3
chi=1.415 // snap#4
chi=1.415 // snap#5
chi=1.415 // snap#6
chi=1.415 // snap#7
chi=1.415 // snap#8
  Name       Size            Bytes  Class     Attributes

  Sa         1x41              328  double              
  k         41x1               328  double              

chi=1.5436 // snap#1
chi=1.5436 // snap#2
chi=1.5436 // snap#3
chi=1.5436 // snap#4
chi=1.5436 // snap#5
chi=1.5436 // snap#6
chi=1.5436 // snap#7
chi=1.5436 // snap#8
  Name       Size            Bytes  Class     Attributes

  Sa         1x41              328  double              
  k         41x1               328  double              

chi=1.6721 // snap#1
chi=1.6721 // snap#2
chi=1.6721 // snap#3
chi=1.6721 // snap#4
chi=1.6721 // snap#5
chi=1.6721 // snap#6
chi=1.6721 // snap#7
chi=1.6721 // snap#8
  Name       Size            Bytes  Class     Attributes

  Sa         1x41              328  double              
  k         41x1               328  double              

chi=1.8007 // snap#1
chi=1.8007 // snap#2
chi=1.8007 // snap#3
chi=1.8007 // snap#4
chi=1.8007 // snap#5
chi=1.8007 // snap#6
chi=1.8007 // snap#7
chi=1.8007 // snap#8
  Name       Size            Bytes  Class     Attributes

  Sa         1x41              328  double              
  k         41x1               328  double              

chi=1.9292 // snap#1
chi=1.9292 // snap#2
chi=1.9292 // snap#3
chi=1.9292 // snap#4
chi=1.9292 // snap#5
chi=1.9292 // snap#6
chi=1.9292 // snap#7
chi=1.9292 // snap#8
  Name       Size            Bytes  Class     Attributes

  Sa         1x41              328  double              
  k         41x1               328  double              

chi=2.0578 // snap#1
chi=2.0578 // snap#2
chi=2.0578 // snap#3
chi=2.0578 // snap#4
chi=2.0578 // snap#5
chi=2.0578 // snap#6
chi=2.0578 // snap#7
chi=2.0578 // snap#8
  Name       Size            Bytes  Class     Attributes

  Sa         1x41              328  double              
  k         41x1               328  double              

chi=2.1863 // snap#1
chi=2.1863 // snap#2
chi=2.1863 // snap#3
chi=2.1863 // snap#4
chi=2.1863 // snap#5
chi=2.1863 // snap#6
chi=2.1863 // snap#7
chi=2.1863 // snap#8
  Name       Size            Bytes  Class     Attributes

  Sa         1x41              328  double              
  k         41x1               328  double              

chi=2.3149 // snap#1
chi=2.3149 // snap#2
chi=2.3149 // snap#3
chi=2.3149 // snap#4
chi=2.3149 // snap#5
chi=2.3149 // snap#6
chi=2.3149 // snap#7
chi=2.3149 // snap#8
  Name       Size            Bytes  Class     Attributes

  Sa         1x41              328  double              
  k         41x1               328  double              

chi=2.4434 // snap#1
chi=2.4434 // snap#2
chi=2.4434 // snap#3
chi=2.4434 // snap#4
chi=2.4434 // snap#5
chi=2.4434 // snap#6
chi=2.4434 // snap#7
chi=2.4434 // snap#8
  Name       Size            Bytes  Class     Attributes

  Sa         1x41              328  double              
  k         41x1               328  double              

chi=2.572 // snap#1
chi=2.572 // snap#2
chi=2.572 // snap#3
chi=2.572 // snap#4
chi=2.572 // snap#5
chi=2.572 // snap#6
chi=2.572 // snap#7
chi=2.572 // snap#8
  Name       Size            Bytes  Class     Attributes

  Sa         1x41              328  double              
  k         41x1               328  double              

chi=2.7005 // snap#1
chi=2.7005 // snap#2
chi=2.7005 // snap#3
chi=2.7005 // snap#4
chi=2.7005 // snap#5
chi=2.7005 // snap#6
chi=2.7005 // snap#7
chi=2.7005 // snap#8
  Name       Size            Bytes  Class     Attributes

  Sa         1x41              328  double              
  k         41x1               328  double              

chi=2.8291 // snap#1
chi=2.8291 // snap#2
chi=2.8291 // snap#3
chi=2.8291 // snap#4
chi=2.8291 // snap#5
chi=2.8291 // snap#6
chi=2.8291 // snap#7
chi=2.8291 // snap#8
  Name       Size            Bytes  Class     Attributes

  Sa         1x41              328  double              
  k         41x1               328  double              

chi=2.9576 // snap#1
chi=2.9576 // snap#2
chi=2.9576 // snap#3
chi=2.9576 // snap#4
chi=2.9576 // snap#5
chi=2.9576 // snap#6
chi=2.9576 // snap#7
chi=2.9576 // snap#8
  Name       Size            Bytes  Class     Attributes

  Sa         1x41              328  double              
  k         41x1               328  double              

chi=3.0861 // snap#1
chi=3.0861 // snap#2
chi=3.0861 // snap#3
chi=3.0861 // snap#4
chi=3.0861 // snap#5
chi=3.0861 // snap#6
chi=3.0861 // snap#7
chi=3.0861 // snap#8
  Name       Size            Bytes  Class     Attributes

  Sa         1x41              328  double              
  k         41x1               328  double              

chi=3.2147 // snap#1
chi=3.2147 // snap#2
chi=3.2147 // snap#3
chi=3.2147 // snap#4
chi=3.2147 // snap#5
chi=3.2147 // snap#6
chi=3.2147 // snap#7
chi=3.2147 // snap#8
  Name       Size            Bytes  Class     Attributes

  Sa         1x41              328  double              
  k         41x1               328  double              

chi=3.3432 // snap#1
chi=3.3432 // snap#2
chi=3.3432 // snap#3
chi=3.3432 // snap#4
chi=3.3432 // snap#5
chi=3.3432 // snap#6
chi=3.3432 // snap#7
chi=3.3432 // snap#8
  Name       Size            Bytes  Class     Attributes

  Sa         1x41              328  double              
  k         41x1               328  double              

chi=3.4718 // snap#1
chi=3.4718 // snap#2
chi=3.4718 // snap#3
chi=3.4718 // snap#4
chi=3.4718 // snap#5
chi=3.4718 // snap#6
chi=3.4718 // snap#7
chi=3.4718 // snap#8
  Name       Size            Bytes  Class     Attributes

  Sa         1x41              328  double              
  k         41x1               328  double              

chi=3.6003 // snap#1
chi=3.6003 // snap#2
chi=3.6003 // snap#3
chi=3.6003 // snap#4
chi=3.6003 // snap#5
chi=3.6003 // snap#6
chi=3.6003 // snap#7
chi=3.6003 // snap#8
  Name       Size            Bytes  Class     Attributes

  Sa         1x41              328  double              
  k         41x1               328  double              

chi=3.7289 // snap#1
chi=3.7289 // snap#2
chi=3.7289 // snap#3
chi=3.7289 // snap#4
chi=3.7289 // snap#5
chi=3.7289 // snap#6
chi=3.7289 // snap#7
chi=3.7289 // snap#8
  Name       Size            Bytes  Class     Attributes

  Sa         1x41              328  double              
  k         41x1               328  double              

chi=3.8574 // snap#1
chi=3.8574 // snap#2
chi=3.8574 // snap#3
chi=3.8574 // snap#4
chi=3.8574 // snap#5
chi=3.8574 // snap#6
chi=3.8574 // snap#7
chi=3.8574 // snap#8
  Name       Size            Bytes  Class     Attributes

  Sa         1x41              328  double              
  k         41x1               328  double              

chi=3.986 // snap#1
chi=3.986 // snap#2
chi=3.986 // snap#3
chi=3.986 // snap#4
chi=3.986 // snap#5
chi=3.986 // snap#6
chi=3.986 // snap#7
chi=3.986 // snap#8
  Name       Size            Bytes  Class     Attributes

  Sa         1x41              328  double              
  k         41x1               328  double              

chi=4.1145 // snap#1
chi=4.1145 // snap#2
chi=4.1145 // snap#3
chi=4.1145 // snap#4
chi=4.1145 // snap#5
chi=4.1145 // snap#6
chi=4.1145 // snap#7
chi=4.1145 // snap#8
  Name       Size            Bytes  Class     Attributes

  Sa         1x41              328  double              
  k         41x1               328  double              

chi=4.2431 // snap#1
chi=4.2431 // snap#2
chi=4.2431 // snap#3
chi=4.2431 // snap#4
chi=4.2431 // snap#5
chi=4.2431 // snap#6
chi=4.2431 // snap#7
chi=4.2431 // snap#8
  Name       Size            Bytes  Class     Attributes

  Sa         1x41              328  double              
  k         41x1               328  double              

chi=4.3716 // snap#1
chi=4.3716 // snap#2
chi=4.3716 // snap#3
chi=4.3716 // snap#4
chi=4.3716 // snap#5
chi=4.3716 // snap#6
chi=4.3716 // snap#7
chi=4.3716 // snap#8
  Name       Size            Bytes  Class     Attributes

  Sa         1x41              328  double              
  k         41x1               328  double              

chi=4.5002 // snap#1
chi=4.5002 // snap#2
chi=4.5002 // snap#3
chi=4.5002 // snap#4
chi=4.5002 // snap#5
chi=4.5002 // snap#6
chi=4.5002 // snap#7
chi=4.5002 // snap#8
  Name       Size            Bytes  Class     Attributes

  Sa         1x41              328  double              
  k         41x1               328  double              

chi=4.6287 // snap#1
chi=4.6287 // snap#2
chi=4.6287 // snap#3
chi=4.6287 // snap#4
chi=4.6287 // snap#5
chi=4.6287 // snap#6
chi=4.6287 // snap#7
chi=4.6287 // snap#8
  Name       Size            Bytes  Class     Attributes

  Sa         1x41              328  double              
  k         41x1               328  double              

chi=4.7573 // snap#1
chi=4.7573 // snap#2
chi=4.7573 // snap#3
chi=4.7573 // snap#4
chi=4.7573 // snap#5
chi=4.7573 // snap#6
chi=4.7573 // snap#7
chi=4.7573 // snap#8
  Name       Size            Bytes  Class     Attributes

  Sa         1x41              328  double              
  k         41x1               328  double              

chi=4.8858 // snap#1
chi=4.8858 // snap#2
chi=4.8858 // snap#3
chi=4.8858 // snap#4
chi=4.8858 // snap#5
chi=4.8858 // snap#6
chi=4.8858 // snap#7
chi=4.8858 // snap#8
  Name       Size            Bytes  Class     Attributes

  Sa         1x41              328  double              
  k         41x1               328  double              

chi=5.0144 // snap#1
chi=5.0144 // snap#2
chi=5.0144 // snap#3
chi=5.0144 // snap#4
chi=5.0144 // snap#5
chi=5.0144 // snap#6
chi=5.0144 // snap#7
chi=5.0144 // snap#8
  Name       Size            Bytes  Class     Attributes

  Sa         1x41              328  double              
  k         41x1               328  double              

chi=5.1429 // snap#1
chi=5.1429 // snap#2
chi=5.1429 // snap#3
chi=5.1429 // snap#4
chi=5.1429 // snap#5
chi=5.1429 // snap#6
chi=5.1429 // snap#7
chi=5.1429 // snap#8
  Name       Size            Bytes  Class     Attributes

  Sa         1x41              328  double              
  k         41x1               328  double              

chi=5.2715 // snap#1
chi=5.2715 // snap#2
chi=5.2715 // snap#3
chi=5.2715 // snap#4
chi=5.2715 // snap#5
chi=5.2715 // snap#6
chi=5.2715 // snap#7
chi=5.2715 // snap#8
  Name       Size            Bytes  Class     Attributes

  Sa         1x41              328  double              
  k         41x1               328  double              

chi=5.4 // snap#1
chi=5.4 // snap#2
chi=5.4 // snap#3
chi=5.4 // snap#4
chi=5.4 // snap#5
chi=5.4 // snap#6
chi=5.4 // snap#7
chi=5.4 // snap#8
  Name       Size            Bytes  Class     Attributes

  Sa         1x41              328  double              
  k         41x1               328  double              

chi=5.5286 // snap#1
chi=5.5286 // snap#2
chi=5.5286 // snap#3
chi=5.5286 // snap#4
chi=5.5286 // snap#5
chi=5.5286 // snap#6
chi=5.5286 // snap#7
chi=5.5286 // snap#8
  Name       Size            Bytes  Class     Attributes

  Sa         1x41              328  double              
  k         41x1               328  double              

chi=5.6571 // snap#1
chi=5.6571 // snap#2
chi=5.6571 // snap#3
chi=5.6571 // snap#4
chi=5.6571 // snap#5
chi=5.6571 // snap#6
chi=5.6571 // snap#7
chi=5.6571 // snap#8
  Name       Size            Bytes  Class     Attributes

  Sa         1x41              328  double              
  k         41x1               328  double              

chi=5.7857 // snap#1
chi=5.7857 // snap#2
chi=5.7857 // snap#3
chi=5.7857 // snap#4
chi=5.7857 // snap#5
chi=5.7857 // snap#6
chi=5.7857 // snap#7
chi=5.7857 // snap#8
  Name       Size            Bytes  Class     Attributes

  Sa         1x41              328  double              
  k         41x1               328  double              

>> 