000 (18709.000.000) 09/30 10:01:16 Job submitted from host: <171.67.84.219:43511>
...
001 (18709.000.000) 09/30 10:01:37 Job executing on host: <171.67.84.209:46187>
...
006 (18709.000.000) 09/30 10:01:46 Image size of job updated: 2187384
	127  -  MemoryUsage of job (MB)
	129740  -  ResidentSetSize of job (KB)
...
006 (18709.000.000) 09/30 10:06:46 Image size of job updated: 2726036
	134  -  MemoryUsage of job (MB)
	136924  -  ResidentSetSize of job (KB)
...
006 (18709.000.000) 09/30 10:11:46 Image size of job updated: 2790548
	136  -  MemoryUsage of job (MB)
	138636  -  ResidentSetSize of job (KB)
...
006 (18709.000.000) 09/30 10:16:48 Image size of job updated: 2791572
	136  -  MemoryUsage of job (MB)
	138636  -  ResidentSetSize of job (KB)
...
005 (18709.000.000) 09/30 14:55:24 Job terminated.
	(1) Normal termination (return value 0)
		Usr 0 05:22:00, Sys 0 00:07:30  -  Run Remote Usage
		Usr 0 00:00:00, Sys 0 00:00:00  -  Run Local Usage
		Usr 0 05:22:00, Sys 0 00:07:30  -  Total Remote Usage
		Usr 0 00:00:00, Sys 0 00:00:00  -  Total Local Usage
	0  -  Run Bytes Sent By Job
	0  -  Run Bytes Received By Job
	0  -  Total Bytes Sent By Job
	0  -  Total Bytes Received By Job
	Partitionable Resources :    Usage  Request          
	   Cpus                 :                 1          
	   Disk (KB)            :       75       75          
	   Memory (MB)          :      136      136          
...
