
                            < M A T L A B (R) >
                  Copyright 1984-2014 The MathWorks, Inc.
                   R2014b (8.4.0.150421) 64-bit (glnxa64)
                             September 15, 2014

 
For online documentation, see http://www.mathworks.com/support
For product information, visit www.mathworks.com.
 

INM =

     1


INM =

     2


INM =

     3


INM =

     4


INM =

     5


INM =

     6


INM =

     7


INM =

     8


INM =

     9


INM =

    10


INM =

    11


INM =

    12


INM =

    13


INM =

    14


INM =

    15


INM =

    16


INM =

    17


INM =

    18


INM =

    19


INM =

    20


INM =

    21


INM =

    22


INM =

    23


INM =

    24


INM =

    25


INM =

    26


INM =

    27


INM =

    28


INM =

    29


INM =

    30


INM =

    31


INM =

    32


INM =

    33


INM =

    34


INM =

    35


INM =

    36


INM =

    37


INM =

    38


INM =

    39


INM =

    40


INM =

    41


INM =

    42


INM =

    43


INM =

    44


INM =

    45


INM =

    46


INM =

    47


INM =

    48


INM =

    49


INM =

    50


INM =

    51


INM =

    52


INM =

    53


INM =

    54


INM =

    55


INM =

    56


INM =

    57


INM =

    58


INM =

    59


INM =

    60


INM =

    61


INM =

    62


INM =

    63


INM =

    64


INM =

    65


INM =

    66


INM =

    67


INM =

    68


INM =

    69


INM =

    70


INM =

    71


INM =

    72


INM =

    73


INM =

    74


INM =

    75


INM =

    76


INM =

    77


INM =

    78


INM =

    79


INM =

    80


INM =

    81


INM =

    82


INM =

    83


INM =

    84


INM =

    85


INM =

    86


INM =

    87


INM =

    88


INM =

    89


INM =

    90


INM =

    91


INM =

    92


INM =

    93


INM =

    94


INM =

    95


INM =

    96


INM =

    97


INM =

    98


INM =

    99


INM =

   100


INM =

   101

>> [Warning:
Connection to the X11 Display Server (localhost:10.0) has been lost.
No more graphics windows can no longer be displayed in this session.
Graphics Objects can still be printed, and all commands should still work.
We recommend that you try to save your current session and exit.] 
>> 
------------------------------------------------------------------------
       Segmentation violation detected at Thu Oct 29 07:11:36 2015
------------------------------------------------------------------------

Configuration:
  Crash Decoding     : Disabled
  Current Visual     : None
  Default Encoding   : UTF-8
  GNU C Library      : 2.19 stable
  MATLAB Architecture: glnxa64
  MATLAB Root        : /usr/local/MATLAB/R2014b
  MATLAB Version     : 8.4.0.150421 (R2014b)
  Operating System   : Linux 3.13.0-66-generic #108-Ubuntu SMP Wed Oct 7 15:20:27 UTC 2015 x86_64
  Processor ID       : x86 Family 6 Model 60 Stepping 3, GenuineIntel
  Software OpenGL    : 0
  Window System      : No active display

Fault Count: 1


Abnormal termination:
Segmentation violation

Register State (from fault):
  RAX = 0000000000000000  RBX = 00007fa518059230
  RCX = 00007fa538e9e320  RDX = 0000000000000001
  RSP = 00007fa51fffb7e0  RBP = 00007fa51fffb7f0
  RSI = 0000000000000001  RDI = 00007fa518059230

   R8 = 00007fa5188b6c80   R9 = 00007fa52e0e9160
  R10 = 00007fa5188b6c80  R11 = 00007fa538a47a00
  R12 = 00007fa51fffb8d0  R13 = 00007fa518d92000
  R14 = 0000000000000008  R15 = 0000000000000000

  RIP = 00007fa52c9fcd4c  EFL = 0000000000010202

   CS = 0033   FS = 0000   GS = 0000

Stack Trace (from fault):
[  0] 0x00007fa52c9fcd4c   /usr/local/MATLAB/R2014b/bin/glnxa64/libmwuix.so+00326988
[  1] 0x00007fa52c9e5ca8   /usr/local/MATLAB/R2014b/bin/glnxa64/libmwuix.so+00232616 _Z16ws_GetScreenRectP6mwrect+00000024
[  2] 0x00007fa50d6dd7ba    /usr/local/MATLAB/R2014b/bin/glnxa64/libmwhg.so+05363642
[  3] 0x00007fa50d6e0b5e    /usr/local/MATLAB/R2014b/bin/glnxa64/libmwhg.so+05376862
[  4] 0x00007fa50d6f4e48    /usr/local/MATLAB/R2014b/bin/glnxa64/libmwhg.so+05459528
[  5] 0x00007fa50d6f501a    /usr/local/MATLAB/R2014b/bin/glnxa64/libmwhg.so+05459994
[  6] 0x00007fa50d6e3f76    /usr/local/MATLAB/R2014b/bin/glnxa64/libmwhg.so+05390198
[  7] 0x00007fa50d6e02a5    /usr/local/MATLAB/R2014b/bin/glnxa64/libmwhg.so+05374629
[  8] 0x00007fa50d7b1346    /usr/local/MATLAB/R2014b/bin/glnxa64/libmwhg.so+06230854
[  9] 0x00007fa50d7b1411    /usr/local/MATLAB/R2014b/bin/glnxa64/libmwhg.so+06231057
[ 10] 0x00007fa53a58a216 /usr/local/MATLAB/R2014b/bin/glnxa64/libmwservices.so+02593302 _Z26svWS_CommitDatabaseUpdates27svCommitDatabaseUpdatesType+00000246
[ 11] 0x00007fa52c9e92f8   /usr/local/MATLAB/R2014b/bin/glnxa64/libmwuix.so+00246520
[ 12] 0x00007fa52c9e948f   /usr/local/MATLAB/R2014b/bin/glnxa64/libmwuix.so+00246927
[ 13] 0x00007fa52c9e957f   /usr/local/MATLAB/R2014b/bin/glnxa64/libmwuix.so+00247167
[ 14] 0x00007fa52f6c9277 /usr/local/MATLAB/R2014b/bin/glnxa64/libmwbridge.so+00201335
[ 15] 0x00007fa52f6c98c4 /usr/local/MATLAB/R2014b/bin/glnxa64/libmwbridge.so+00202948
[ 16] 0x00007fa52f6c9da4 /usr/local/MATLAB/R2014b/bin/glnxa64/libmwbridge.so+00204196
[ 17] 0x00007fa52f6ceb1e /usr/local/MATLAB/R2014b/bin/glnxa64/libmwbridge.so+00224030
[ 18] 0x00007fa52f6cef0b /usr/local/MATLAB/R2014b/bin/glnxa64/libmwbridge.so+00225035
[ 19] 0x00007fa52f6cf5ca /usr/local/MATLAB/R2014b/bin/glnxa64/libmwbridge.so+00226762 _Z8mnParserv+00000602
[ 20] 0x00007fa539dd8b7f   /usr/local/MATLAB/R2014b/bin/glnxa64/libmwmcr.so+00772991 _ZN11mcrInstance30mnParser_on_interpreter_threadEv+00000031
[ 21] 0x00007fa539db9083   /usr/local/MATLAB/R2014b/bin/glnxa64/libmwmcr.so+00643203
[ 22] 0x00007fa539dbad69   /usr/local/MATLAB/R2014b/bin/glnxa64/libmwmcr.so+00650601 _ZN5boost6detail11task_objectIvNS_3_bi6bind_tIvPFvRKNS_8functionIFvvEEEENS2_5list1INS2_5valueIS6_EEEEEEE6do_runEv+00000025
[ 23] 0x00007fa539dbb737   /usr/local/MATLAB/R2014b/bin/glnxa64/libmwmcr.so+00653111 _ZN5boost6detail9task_baseIvE3runEv+00000071
[ 24] 0x00007fa539dbb797   /usr/local/MATLAB/R2014b/bin/glnxa64/libmwmcr.so+00653207
[ 25] 0x00007fa539db6bca   /usr/local/MATLAB/R2014b/bin/glnxa64/libmwmcr.so+00633802
[ 26] 0x00007fa52c9fda46   /usr/local/MATLAB/R2014b/bin/glnxa64/libmwuix.so+00330310
[ 27] 0x00007fa52c9e5ad2   /usr/local/MATLAB/R2014b/bin/glnxa64/libmwuix.so+00232146
[ 28] 0x00007fa53a57900f /usr/local/MATLAB/R2014b/bin/glnxa64/libmwservices.so+02523151
[ 29] 0x00007fa53a57917c /usr/local/MATLAB/R2014b/bin/glnxa64/libmwservices.so+02523516
[ 30] 0x00007fa53a57507f /usr/local/MATLAB/R2014b/bin/glnxa64/libmwservices.so+02506879
[ 31] 0x00007fa53a57a4b5 /usr/local/MATLAB/R2014b/bin/glnxa64/libmwservices.so+02528437
[ 32] 0x00007fa53a57a8e7 /usr/local/MATLAB/R2014b/bin/glnxa64/libmwservices.so+02529511
[ 33] 0x00007fa53a57afc0 /usr/local/MATLAB/R2014b/bin/glnxa64/libmwservices.so+02531264 _Z25svWS_ProcessPendingEventsiib+00000080
[ 34] 0x00007fa539db7248   /usr/local/MATLAB/R2014b/bin/glnxa64/libmwmcr.so+00635464
[ 35] 0x00007fa539db7564   /usr/local/MATLAB/R2014b/bin/glnxa64/libmwmcr.so+00636260
[ 36] 0x00007fa539da3cdd   /usr/local/MATLAB/R2014b/bin/glnxa64/libmwmcr.so+00556253
[ 37] 0x00007fa538c8d182              /lib/x86_64-linux-gnu/libpthread.so.0+00033154
[ 38] 0x00007fa5389ba47d                    /lib/x86_64-linux-gnu/libc.so.6+01025149 clone+00000109


If this problem is reproducible, please submit a Service Request via:
    http://www.mathworks.com/support/contact_us/

A technical support engineer might contact you with further information.

Thank you for your help.** This crash report has been saved to disk as /home/andy/matlab_crash_dump.6186-1 **



MATLAB is exiting because of fatal error
